Determining if the pthread_create exist failed with the following output:
Change Dir: /home/eak100/workspace/catkin_ws/build/CMakeFiles/CMakeTmp

Run Build Command:"/usr/bin/make" "cmTC_67473/fast"
/usr/bin/make -f CMakeFiles/cmTC_67473.dir/build.make CMakeFiles/cmTC_67473.dir/build
make[1]: Entering directory '/home/eak100/workspace/catkin_ws/build/CMakeFiles/CMakeTmp'
Building C object CMakeFiles/cmTC_67473.dir/CheckSymbolExists.c.o
/usr/bin/cc    -o CMakeFiles/cmTC_67473.dir/CheckSymbolExists.c.o   -c /home/eak100/workspace/catkin_ws/build/CMakeFiles/CMakeTmp/CheckSymbolExists.c
Linking C executable cmTC_67473
/usr/bin/cmake -E cmake_link_script CMakeFiles/cmTC_67473.dir/link.txt --verbose=1
/usr/bin/cc      -rdynamic CMakeFiles/cmTC_67473.dir/CheckSymbolExists.c.o  -o cmTC_67473 
CMakeFiles/cmTC_67473.dir/CheckSymbolExists.c.o: In function `main':
CheckSymbolExists.c:(.text+0x1b): undefined reference to `pthread_create'
collect2: error: ld returned 1 exit status
CMakeFiles/cmTC_67473.dir/build.make:97: recipe for target 'cmTC_67473' failed
make[1]: *** [cmTC_67473] Error 1
make[1]: Leaving directory '/home/eak100/workspace/catkin_ws/build/CMakeFiles/CMakeTmp'
Makefile:126: recipe for target 'cmTC_67473/fast' failed
make: *** [cmTC_67473/fast] Error 2

File /home/eak100/workspace/catkin_ws/build/CMakeFiles/CMakeTmp/CheckSymbolExists.c:
/* */
#include <pthread.h>

int main(int argc, char** argv)
{
  (void)argv;
#ifndef pthread_create
  return ((int*)(&pthread_create))[argc];
#else
  (void)argc;
  return 0;
#endif
}

Determining if the function pthread_create exists in the pthreads failed with the following output:
Change Dir: /home/eak100/workspace/catkin_ws/build/CMakeFiles/CMakeTmp

Run Build Command:"/usr/bin/make" "cmTC_5fe7a/fast"
/usr/bin/make -f CMakeFiles/cmTC_5fe7a.dir/build.make CMakeFiles/cmTC_5fe7a.dir/build
make[1]: Entering directory '/home/eak100/workspace/catkin_ws/build/CMakeFiles/CMakeTmp'
Building C object CMakeFiles/cmTC_5fe7a.dir/CheckFunctionExists.c.o
/usr/bin/cc   -DCHECK_FUNCTION_EXISTS=pthread_create   -o CMakeFiles/cmTC_5fe7a.dir/CheckFunctionExists.c.o   -c /usr/share/cmake-3.10/Modules/CheckFunctionExists.c
Linking C executable cmTC_5fe7a
/usr/bin/cmake -E cmake_link_script CMakeFiles/cmTC_5fe7a.dir/link.txt --verbose=1
/usr/bin/cc  -DCHECK_FUNCTION_EXISTS=pthread_create    -rdynamic CMakeFiles/cmTC_5fe7a.dir/CheckFunctionExists.c.o  -o cmTC_5fe7a -lpthreads 
/usr/bin/ld: cannot find -lpthreads
collect2: error: ld returned 1 exit status
CMakeFiles/cmTC_5fe7a.dir/build.make:97: recipe for target 'cmTC_5fe7a' failed
make[1]: *** [cmTC_5fe7a] Error 1
make[1]: Leaving directory '/home/eak100/workspace/catkin_ws/build/CMakeFiles/CMakeTmp'
Makefile:126: recipe for target 'cmTC_5fe7a/fast' failed
make: *** [cmTC_5fe7a/fast] Error 2


